{"/home/user/clean-arch/src/application/usecase/place-order/PlaceOrder.ts": {"path":"/home/user/clean-arch/src/application/usecase/place-order/PlaceOrder.ts","statementMap":{"0":{"start":{"line":1,"column":0},"end":{"line":1,"column":49}},"1":{"start":{"line":3,"column":0},"end":{"line":3,"column":50}},"2":{"start":{"line":15,"column":23},"end":{"line":15,"column":59}},"3":{"start":{"line":16,"column":4},"end":{"line":16,"column":67}},"4":{"start":{"line":17,"column":4},"end":{"line":17,"column":71}},"5":{"start":{"line":18,"column":4},"end":{"line":18,"column":69}},"6":{"start":{"line":22,"column":21},"end":{"line":22,"column":59}},"7":{"start":{"line":23,"column":18},"end":{"line":23,"column":65}},"8":{"start":{"line":24,"column":4},"end":{"line":28,"column":null}},"9":{"start":{"line":25,"column":19},"end":{"line":25,"column":70}},"10":{"start":{"line":26,"column":6},"end":{"line":26,"column":51}},"11":{"start":{"line":26,"column":17},"end":{"line":26,"column":51}},"12":{"start":{"line":27,"column":6},"end":{"line":27,"column":46}},"13":{"start":{"line":29,"column":4},"end":{"line":32,"column":null}},"14":{"start":{"line":30,"column":21},"end":{"line":30,"column":72}},"15":{"start":{"line":31,"column":6},"end":{"line":31,"column":41}},"16":{"start":{"line":31,"column":18},"end":{"line":31,"column":41}},"17":{"start":{"line":33,"column":4},"end":{"line":33,"column":43}},"18":{"start":{"line":34,"column":4},"end":{"line":34,"column":null}},"19":{"start":{"line":10,"column":0},"end":{"line":10,"column":21}}},"fnMap":{"0":{"name":"(anonymous_8)","decl":{"start":{"line":15,"column":2},"end":{"line":15,"column":23}},"loc":{"start":{"line":15,"column":59},"end":{"line":19,"column":3}}},"1":{"name":"(anonymous_9)","decl":{"start":{"line":21,"column":8},"end":{"line":21,"column":15}},"loc":{"start":{"line":21,"column":38},"end":{"line":35,"column":null}}}},"branchMap":{"0":{"loc":{"start":{"line":26,"column":6},"end":{"line":26,"column":51}},"type":"if","locations":[{"start":{"line":26,"column":6},"end":{"line":26,"column":51}}]},"1":{"loc":{"start":{"line":29,"column":4},"end":{"line":32,"column":null}},"type":"if","locations":[{"start":{"line":29,"column":4},"end":{"line":32,"column":null}}]},"2":{"loc":{"start":{"line":31,"column":6},"end":{"line":31,"column":41}},"type":"if","locations":[{"start":{"line":31,"column":6},"end":{"line":31,"column":41}}]}},"s":{"0":1,"1":1,"2":2,"3":2,"4":2,"5":2,"6":3,"7":3,"8":3,"9":9,"10":9,"11":0,"12":9,"13":3,"14":3,"15":3,"16":3,"17":3,"18":3,"19":1},"f":{"0":2,"1":3},"b":{"0":[0],"1":[3],"2":[3]}}
,"/home/user/clean-arch/src/application/usecase/place-order/PlaceOrderOutput.ts": {"path":"/home/user/clean-arch/src/application/usecase/place-order/PlaceOrderOutput.ts","statementMap":{"0":{"start":{"line":2,"column":23},"end":{"line":2,"column":35}},"1":{"start":{"line":2,"column":46},"end":{"line":2,"column":59}},"2":{"start":{"line":1,"column":0},"end":{"line":1,"column":21}}},"fnMap":{"0":{"name":"(anonymous_0)","decl":{"start":{"line":2,"column":2},"end":{"line":2,"column":23}},"loc":{"start":{"line":2,"column":59},"end":{"line":2,"column":64}}}},"branchMap":{},"s":{"0":3,"1":3,"2":1},"f":{"0":3},"b":{}}
,"/home/user/clean-arch/src/application/usecase/simulate-freight/SimulateFreight.ts": {"path":"/home/user/clean-arch/src/application/usecase/simulate-freight/SimulateFreight.ts","statementMap":{"0":{"start":{"line":1,"column":0},"end":{"line":1,"column":53}},"1":{"start":{"line":6,"column":0},"end":{"line":6,"column":59}},"2":{"start":{"line":11,"column":23},"end":{"line":11,"column":59}},"3":{"start":{"line":12,"column":4},"end":{"line":12,"column":null}},"4":{"start":{"line":16,"column":20},"end":{"line":16,"column":33}},"5":{"start":{"line":17,"column":4},"end":{"line":21,"column":null}},"6":{"start":{"line":18,"column":19},"end":{"line":18,"column":70}},"7":{"start":{"line":19,"column":6},"end":{"line":19,"column":null}},"8":{"start":{"line":19,"column":17},"end":{"line":19,"column":null}},"9":{"start":{"line":20,"column":6},"end":{"line":20,"column":null}},"10":{"start":{"line":22,"column":4},"end":{"line":22,"column":null}},"11":{"start":{"line":8,"column":0},"end":{"line":8,"column":21}}},"fnMap":{"0":{"name":"(anonymous_8)","decl":{"start":{"line":11,"column":2},"end":{"line":11,"column":23}},"loc":{"start":{"line":11,"column":59},"end":{"line":13,"column":3}}},"1":{"name":"(anonymous_9)","decl":{"start":{"line":15,"column":8},"end":{"line":15,"column":15}},"loc":{"start":{"line":15,"column":43},"end":{"line":23,"column":null}}}},"branchMap":{"0":{"loc":{"start":{"line":19,"column":6},"end":{"line":19,"column":null}},"type":"if","locations":[{"start":{"line":19,"column":6},"end":{"line":19,"column":null}}]}},"s":{"0":1,"1":1,"2":1,"3":1,"4":1,"5":1,"6":3,"7":3,"8":0,"9":3,"10":1,"11":1},"f":{"0":1,"1":1},"b":{"0":[0]}}
,"/home/user/clean-arch/src/application/usecase/simulate-freight/SimulateFreightOutput.ts": {"path":"/home/user/clean-arch/src/application/usecase/simulate-freight/SimulateFreightOutput.ts","statementMap":{"0":{"start":{"line":2,"column":23},"end":{"line":2,"column":36}},"1":{"start":{"line":1,"column":0},"end":{"line":1,"column":21}}},"fnMap":{"0":{"name":"(anonymous_0)","decl":{"start":{"line":2,"column":2},"end":{"line":2,"column":23}},"loc":{"start":{"line":2,"column":36},"end":{"line":2,"column":41}}}},"branchMap":{},"s":{"0":1,"1":1},"f":{"0":1},"b":{}}
,"/home/user/clean-arch/src/application/usecase/validate-coupon/ValidateCoupon.ts": {"path":"/home/user/clean-arch/src/application/usecase/validate-coupon/ValidateCoupon.ts","statementMap":{"0":{"start":{"line":4,"column":23},"end":{"line":4,"column":57}},"1":{"start":{"line":7,"column":19},"end":{"line":7,"column":62}},"2":{"start":{"line":8,"column":4},"end":{"line":8,"column":null}},"3":{"start":{"line":8,"column":17},"end":{"line":8,"column":null}},"4":{"start":{"line":9,"column":20},"end":{"line":9,"column":39}},"5":{"start":{"line":10,"column":4},"end":{"line":10,"column":null}},"6":{"start":{"line":3,"column":0},"end":{"line":3,"column":21}}},"fnMap":{"0":{"name":"(anonymous_7)","decl":{"start":{"line":4,"column":2},"end":{"line":4,"column":23}},"loc":{"start":{"line":4,"column":57},"end":{"line":4,"column":62}}},"1":{"name":"(anonymous_8)","decl":{"start":{"line":6,"column":8},"end":{"line":6,"column":15}},"loc":{"start":{"line":6,"column":28},"end":{"line":11,"column":null}}}},"branchMap":{"0":{"loc":{"start":{"line":8,"column":4},"end":{"line":8,"column":null}},"type":"if","locations":[{"start":{"line":8,"column":4},"end":{"line":8,"column":null}}]}},"s":{"0":1,"1":1,"2":1,"3":0,"4":1,"5":1,"6":1},"f":{"0":1,"1":1},"b":{"0":[0]}}
,"/home/user/clean-arch/src/domain/entity/Coupon.ts": {"path":"/home/user/clean-arch/src/domain/entity/Coupon.ts","statementMap":{"0":{"start":{"line":2,"column":23},"end":{"line":2,"column":35}},"1":{"start":{"line":2,"column":46},"end":{"line":2,"column":64}},"2":{"start":{"line":2,"column":75},"end":{"line":2,"column":93}},"3":{"start":{"line":5,"column":4},"end":{"line":5,"column":null}},"4":{"start":{"line":5,"column":27},"end":{"line":5,"column":null}},"5":{"start":{"line":6,"column":4},"end":{"line":6,"column":null}},"6":{"start":{"line":10,"column":4},"end":{"line":10,"column":55}},"7":{"start":{"line":1,"column":0},"end":{"line":1,"column":21}}},"fnMap":{"0":{"name":"(anonymous_0)","decl":{"start":{"line":2,"column":2},"end":{"line":2,"column":23}},"loc":{"start":{"line":2,"column":93},"end":{"line":2,"column":98}}},"1":{"name":"(anonymous_1)","decl":{"start":{"line":4,"column":2},"end":{"line":4,"column":11}},"loc":{"start":{"line":4,"column":36},"end":{"line":7,"column":3}}},"2":{"name":"(anonymous_2)","decl":{"start":{"line":9,"column":2},"end":{"line":9,"column":19}},"loc":{"start":{"line":9,"column":43},"end":{"line":11,"column":3}}}},"branchMap":{"0":{"loc":{"start":{"line":4,"column":12},"end":{"line":4,"column":36}},"type":"default-arg","locations":[{"start":{"line":4,"column":26},"end":{"line":4,"column":36}}]},"1":{"loc":{"start":{"line":5,"column":4},"end":{"line":5,"column":null}},"type":"if","locations":[{"start":{"line":5,"column":4},"end":{"line":5,"column":null}}]}},"s":{"0":15,"1":15,"2":15,"3":8,"4":6,"5":2,"6":5,"7":6},"f":{"0":15,"1":8,"2":5},"b":{"0":[2],"1":[6]}}
,"/home/user/clean-arch/src/domain/entity/Cpf.ts": {"path":"/home/user/clean-arch/src/domain/entity/Cpf.ts","statementMap":{"0":{"start":{"line":2,"column":10},"end":{"line":2,"column":null}},"1":{"start":{"line":3,"column":10},"end":{"line":3,"column":null}},"2":{"start":{"line":7,"column":4},"end":{"line":7,"column":null}},"3":{"start":{"line":7,"column":31},"end":{"line":7,"column":null}},"4":{"start":{"line":8,"column":4},"end":{"line":8,"column":null}},"5":{"start":{"line":12,"column":4},"end":{"line":12,"column":null}},"6":{"start":{"line":15,"column":4},"end":{"line":15,"column":27}},"7":{"start":{"line":15,"column":14},"end":{"line":15,"column":27}},"8":{"start":{"line":16,"column":4},"end":{"line":16,"column":29}},"9":{"start":{"line":17,"column":4},"end":{"line":17,"column":47}},"10":{"start":{"line":17,"column":34},"end":{"line":17,"column":47}},"11":{"start":{"line":18,"column":4},"end":{"line":18,"column":50}},"12":{"start":{"line":18,"column":37},"end":{"line":18,"column":50}},"13":{"start":{"line":19,"column":19},"end":{"line":19,"column":69}},"14":{"start":{"line":20,"column":19},"end":{"line":20,"column":69}},"15":{"start":{"line":21,"column":21},"end":{"line":21,"column":48}},"16":{"start":{"line":22,"column":28},"end":{"line":22,"column":48}},"17":{"start":{"line":23,"column":4},"end":{"line":23,"column":41}},"18":{"start":{"line":27,"column":4},"end":{"line":27,"column":38}},"19":{"start":{"line":31,"column":4},"end":{"line":31,"column":29}},"20":{"start":{"line":35,"column":25},"end":{"line":35,"column":28}},"21":{"start":{"line":36,"column":4},"end":{"line":36,"column":57}},"22":{"start":{"line":36,"column":35},"end":{"line":36,"column":55}},"23":{"start":{"line":40,"column":16},"end":{"line":40,"column":17}},"24":{"start":{"line":41,"column":4},"end":{"line":43,"column":null}},"25":{"start":{"line":42,"column":6},"end":{"line":42,"column":58}},"26":{"start":{"line":42,"column":22},"end":{"line":42,"column":58}},"27":{"start":{"line":44,"column":17},"end":{"line":44,"column":27}},"28":{"start":{"line":45,"column":4},"end":{"line":45,"column":40}},"29":{"start":{"line":49,"column":4},"end":{"line":49,"column":25}},"30":{"start":{"line":1,"column":0},"end":{"line":1,"column":21}}},"fnMap":{"0":{"name":"(anonymous_0)","decl":{"start":{"line":6,"column":2},"end":{"line":6,"column":14}},"loc":{"start":{"line":6,"column":27},"end":{"line":9,"column":3}}},"1":{"name":"(anonymous_1)","decl":{"start":{"line":11,"column":2},"end":{"line":11,"column":10}},"loc":{"start":{"line":11,"column":10},"end":{"line":13,"column":3}}},"2":{"name":"(anonymous_2)","decl":{"start":{"line":14,"column":10},"end":{"line":14,"column":18}},"loc":{"start":{"line":14,"column":30},"end":{"line":24,"column":3}}},"3":{"name":"(anonymous_3)","decl":{"start":{"line":26,"column":10},"end":{"line":26,"column":18}},"loc":{"start":{"line":26,"column":30},"end":{"line":28,"column":3}}},"4":{"name":"(anonymous_4)","decl":{"start":{"line":30,"column":10},"end":{"line":30,"column":23}},"loc":{"start":{"line":30,"column":35},"end":{"line":32,"column":3}}},"5":{"name":"(anonymous_5)","decl":{"start":{"line":34,"column":10},"end":{"line":34,"column":27}},"loc":{"start":{"line":34,"column":39},"end":{"line":37,"column":3}}},"6":{"name":"(anonymous_6)","decl":{"start":{"line":36,"column":26},"end":{"line":36,"column":31}},"loc":{"start":{"line":36,"column":35},"end":{"line":36,"column":55}}},"7":{"name":"(anonymous_7)","decl":{"start":{"line":39,"column":10},"end":{"line":39,"column":29}},"loc":{"start":{"line":39,"column":57},"end":{"line":46,"column":3}}},"8":{"name":"(anonymous_8)","decl":{"start":{"line":48,"column":10},"end":{"line":48,"column":27}},"loc":{"start":{"line":48,"column":39},"end":{"line":50,"column":3}}}},"branchMap":{"0":{"loc":{"start":{"line":7,"column":4},"end":{"line":7,"column":null}},"type":"if","locations":[{"start":{"line":7,"column":4},"end":{"line":7,"column":null}}]},"1":{"loc":{"start":{"line":15,"column":4},"end":{"line":15,"column":27}},"type":"if","locations":[{"start":{"line":15,"column":4},"end":{"line":15,"column":27}}]},"2":{"loc":{"start":{"line":17,"column":4},"end":{"line":17,"column":47}},"type":"if","locations":[{"start":{"line":17,"column":4},"end":{"line":17,"column":47}}]},"3":{"loc":{"start":{"line":18,"column":4},"end":{"line":18,"column":50}},"type":"if","locations":[{"start":{"line":18,"column":4},"end":{"line":18,"column":50}}]},"4":{"loc":{"start":{"line":42,"column":6},"end":{"line":42,"column":58}},"type":"if","locations":[{"start":{"line":42,"column":6},"end":{"line":42,"column":58}}]},"5":{"loc":{"start":{"line":45,"column":11},"end":{"line":45,"column":39}},"type":"cond-expr","locations":[{"start":{"line":45,"column":24},"end":{"line":45,"column":25}},{"start":{"line":45,"column":29},"end":{"line":45,"column":38}}]}},"s":{"0":14,"1":14,"2":14,"3":4,"4":10,"5":1,"6":14,"7":0,"8":14,"9":14,"10":0,"11":14,"12":3,"13":11,"14":11,"15":11,"16":11,"17":11,"18":14,"19":14,"20":14,"21":14,"22":55,"23":22,"24":22,"25":242,"26":209,"27":22,"28":22,"29":11,"30":3},"f":{"0":14,"1":1,"2":14,"3":14,"4":14,"5":14,"6":55,"7":22,"8":11},"b":{"0":[4],"1":[0],"2":[0],"3":[3],"4":[209],"5":[11,11]}}
,"/home/user/clean-arch/src/domain/entity/Dimension.ts": {"path":"/home/user/clean-arch/src/domain/entity/Dimension.ts","statementMap":{"0":{"start":{"line":3,"column":23},"end":{"line":3,"column":36}},"1":{"start":{"line":3,"column":47},"end":{"line":3,"column":61}},"2":{"start":{"line":3,"column":72},"end":{"line":3,"column":86}},"3":{"start":{"line":6,"column":4},"end":{"line":6,"column":68}},"4":{"start":{"line":1,"column":0},"end":{"line":1,"column":21}}},"fnMap":{"0":{"name":"(anonymous_0)","decl":{"start":{"line":3,"column":2},"end":{"line":3,"column":23}},"loc":{"start":{"line":3,"column":86},"end":{"line":3,"column":91}}},"1":{"name":"(anonymous_1)","decl":{"start":{"line":5,"column":2},"end":{"line":5,"column":11}},"loc":{"start":{"line":5,"column":11},"end":{"line":7,"column":3}}}},"branchMap":{},"s":{"0":20,"1":20,"2":20,"3":41,"4":8},"f":{"0":20,"1":41},"b":{}}
,"/home/user/clean-arch/src/domain/entity/Freight.ts": {"path":"/home/user/clean-arch/src/domain/entity/Freight.ts","statementMap":{"0":{"start":{"line":5,"column":10},"end":{"line":5,"column":34}},"1":{"start":{"line":6,"column":10},"end":{"line":6,"column":37}},"2":{"start":{"line":9,"column":4},"end":{"line":9,"column":19}},"3":{"start":{"line":13,"column":4},"end":{"line":13,"column":92}},"4":{"start":{"line":17,"column":4},"end":{"line":17,"column":69}},"5":{"start":{"line":17,"column":43},"end":{"line":17,"column":69}},"6":{"start":{"line":18,"column":4},"end":{"line":18,"column":22}},"7":{"start":{"line":3,"column":0},"end":{"line":3,"column":21}}},"fnMap":{"0":{"name":"(anonymous_0)","decl":{"start":{"line":8,"column":2},"end":{"line":8,"column":null}},"loc":{"start":{"line":8,"column":2},"end":{"line":10,"column":3}}},"1":{"name":"(anonymous_1)","decl":{"start":{"line":12,"column":2},"end":{"line":12,"column":9}},"loc":{"start":{"line":12,"column":38},"end":{"line":14,"column":3}}},"2":{"name":"(anonymous_2)","decl":{"start":{"line":16,"column":2},"end":{"line":16,"column":10}},"loc":{"start":{"line":16,"column":10},"end":{"line":19,"column":3}}}},"branchMap":{"0":{"loc":{"start":{"line":17,"column":4},"end":{"line":17,"column":69}},"type":"if","locations":[{"start":{"line":17,"column":4},"end":{"line":17,"column":69}}]},"1":{"loc":{"start":{"line":17,"column":8},"end":{"line":17,"column":41}},"type":"binary-expr","locations":[{"start":{"line":17,"column":8},"end":{"line":17,"column":22}},{"start":{"line":17,"column":26},"end":{"line":17,"column":41}}]}},"s":{"0":12,"1":12,"2":12,"3":30,"4":11,"5":2,"6":9,"7":4},"f":{"0":12,"1":30,"2":11},"b":{"0":[2],"1":[11,8]}}
,"/home/user/clean-arch/src/domain/entity/FreightCalculator.ts": {"path":"/home/user/clean-arch/src/domain/entity/FreightCalculator.ts","statementMap":{"0":{"start":{"line":6,"column":4},"end":{"line":6,"column":76}},"1":{"start":{"line":3,"column":0},"end":{"line":3,"column":21}}},"fnMap":{"0":{"name":"(anonymous_0)","decl":{"start":{"line":5,"column":2},"end":{"line":5,"column":8}},"loc":{"start":{"line":5,"column":47},"end":{"line":7,"column":3}}}},"branchMap":{},"s":{"0":1,"1":1},"f":{"0":1},"b":{}}
,"/home/user/clean-arch/src/domain/entity/Item.ts": {"path":"/home/user/clean-arch/src/domain/entity/Item.ts","statementMap":{"0":{"start":{"line":6,"column":23},"end":{"line":6,"column":37}},"1":{"start":{"line":6,"column":48},"end":{"line":6,"column":64}},"2":{"start":{"line":6,"column":75},"end":{"line":6,"column":94}},"3":{"start":{"line":6,"column":105},"end":{"line":6,"column":118}},"4":{"start":{"line":6,"column":129},"end":{"line":6,"column":150}},"5":{"start":{"line":6,"column":161},"end":{"line":6,"column":176}},"6":{"start":{"line":9,"column":4},"end":{"line":13,"column":null}},"7":{"start":{"line":10,"column":6},"end":{"line":10,"column":null}},"8":{"start":{"line":12,"column":6},"end":{"line":12,"column":null}},"9":{"start":{"line":17,"column":4},"end":{"line":21,"column":null}},"10":{"start":{"line":18,"column":6},"end":{"line":18,"column":null}},"11":{"start":{"line":20,"column":6},"end":{"line":20,"column":null}},"12":{"start":{"line":4,"column":0},"end":{"line":4,"column":21}}},"fnMap":{"0":{"name":"(anonymous_0)","decl":{"start":{"line":6,"column":2},"end":{"line":6,"column":23}},"loc":{"start":{"line":6,"column":176},"end":{"line":6,"column":181}}},"1":{"name":"(anonymous_1)","decl":{"start":{"line":8,"column":2},"end":{"line":8,"column":11}},"loc":{"start":{"line":8,"column":11},"end":{"line":14,"column":3}}},"2":{"name":"(anonymous_2)","decl":{"start":{"line":16,"column":2},"end":{"line":16,"column":12}},"loc":{"start":{"line":16,"column":12},"end":{"line":22,"column":3}}}},"branchMap":{"0":{"loc":{"start":{"line":9,"column":4},"end":{"line":13,"column":null}},"type":"if","locations":[{"start":{"line":9,"column":4},"end":{"line":13,"column":null}},{"start":{"line":11,"column":11},"end":{"line":13,"column":null}}]},"1":{"loc":{"start":{"line":17,"column":4},"end":{"line":21,"column":null}},"type":"if","locations":[{"start":{"line":17,"column":4},"end":{"line":21,"column":null}},{"start":{"line":19,"column":11},"end":{"line":21,"column":null}}]},"2":{"loc":{"start":{"line":17,"column":8},"end":{"line":17,"column":37}},"type":"binary-expr","locations":[{"start":{"line":17,"column":8},"end":{"line":17,"column":19}},{"start":{"line":17,"column":23},"end":{"line":17,"column":37}}]}},"s":{"0":31,"1":31,"2":31,"3":31,"4":31,"5":31,"6":32,"7":20,"8":12,"9":32,"10":20,"11":12,"12":7},"f":{"0":31,"1":32,"2":32},"b":{"0":[20,12],"1":[20,12],"2":[32,20]}}
,"/home/user/clean-arch/src/domain/entity/Order.ts": {"path":"/home/user/clean-arch/src/domain/entity/Order.ts","statementMap":{"0":{"start":{"line":2,"column":0},"end":{"line":2,"column":24}},"1":{"start":{"line":3,"column":0},"end":{"line":3,"column":32}},"2":{"start":{"line":5,"column":0},"end":{"line":5,"column":36}},"3":{"start":{"line":6,"column":0},"end":{"line":6,"column":36}},"4":{"start":{"line":15,"column":36},"end":{"line":15,"column":54}},"5":{"start":{"line":15,"column":75},"end":{"line":15,"column":94}},"6":{"start":{"line":16,"column":4},"end":{"line":16,"column":28}},"7":{"start":{"line":17,"column":4},"end":{"line":17,"column":25}},"8":{"start":{"line":18,"column":4},"end":{"line":18,"column":33}},"9":{"start":{"line":19,"column":4},"end":{"line":19,"column":null}},"10":{"start":{"line":23,"column":4},"end":{"line":25,"column":null}},"11":{"start":{"line":24,"column":6},"end":{"line":24,"column":null}},"12":{"start":{"line":29,"column":4},"end":{"line":29,"column":null}},"13":{"start":{"line":30,"column":4},"end":{"line":30,"column":null}},"14":{"start":{"line":34,"column":24},"end":{"line":34,"column":25}},"15":{"start":{"line":35,"column":4},"end":{"line":37,"column":null}},"16":{"start":{"line":36,"column":6},"end":{"line":36,"column":36}},"17":{"start":{"line":38,"column":4},"end":{"line":40,"column":null}},"18":{"start":{"line":39,"column":6},"end":{"line":39,"column":52}},"19":{"start":{"line":41,"column":4},"end":{"line":41,"column":null}},"20":{"start":{"line":42,"column":4},"end":{"line":42,"column":null}},"21":{"start":{"line":8,"column":0},"end":{"line":8,"column":21}}},"fnMap":{"0":{"name":"(anonymous_1)","decl":{"start":{"line":15,"column":2},"end":{"line":15,"column":14}},"loc":{"start":{"line":15,"column":95},"end":{"line":20,"column":3}}},"1":{"name":"(anonymous_2)","decl":{"start":{"line":22,"column":2},"end":{"line":22,"column":10}},"loc":{"start":{"line":22,"column":25},"end":{"line":26,"column":3}}},"2":{"name":"(anonymous_3)","decl":{"start":{"line":28,"column":2},"end":{"line":28,"column":9}},"loc":{"start":{"line":28,"column":38},"end":{"line":31,"column":3}}},"3":{"name":"(anonymous_4)","decl":{"start":{"line":33,"column":2},"end":{"line":33,"column":10}},"loc":{"start":{"line":33,"column":10},"end":{"line":43,"column":3}}}},"branchMap":{"0":{"loc":{"start":{"line":15,"column":36},"end":{"line":15,"column":64}},"type":"default-arg","locations":[{"start":{"line":15,"column":54},"end":{"line":15,"column":64}}]},"1":{"loc":{"start":{"line":15,"column":75},"end":{"line":15,"column":95}},"type":"default-arg","locations":[{"start":{"line":15,"column":94},"end":{"line":15,"column":95}}]},"2":{"loc":{"start":{"line":23,"column":4},"end":{"line":25,"column":null}},"type":"if","locations":[{"start":{"line":23,"column":4},"end":{"line":25,"column":null}}]},"3":{"loc":{"start":{"line":38,"column":4},"end":{"line":40,"column":null}},"type":"if","locations":[{"start":{"line":38,"column":4},"end":{"line":40,"column":null}}]}},"s":{"0":2,"1":2,"2":2,"3":2,"4":10,"5":10,"6":10,"7":9,"8":9,"9":9,"10":5,"11":4,"12":25,"13":25,"14":8,"15":8,"16":22,"17":8,"18":4,"19":8,"20":8,"21":2},"f":{"0":10,"1":5,"2":25,"3":8},"b":{"0":[6],"1":[7],"2":[4],"3":[4]}}
,"/home/user/clean-arch/src/domain/entity/OrderCode.ts": {"path":"/home/user/clean-arch/src/domain/entity/OrderCode.ts","statementMap":{"0":{"start":{"line":5,"column":4},"end":{"line":5,"column":null}},"1":{"start":{"line":9,"column":17},"end":{"line":9,"column":35}},"2":{"start":{"line":10,"column":4},"end":{"line":10,"column":null}},"3":{"start":{"line":1,"column":0},"end":{"line":1,"column":21}}},"fnMap":{"0":{"name":"(anonymous_0)","decl":{"start":{"line":4,"column":2},"end":{"line":4,"column":14}},"loc":{"start":{"line":4,"column":42},"end":{"line":6,"column":3}}},"1":{"name":"(anonymous_1)","decl":{"start":{"line":8,"column":2},"end":{"line":8,"column":14}},"loc":{"start":{"line":8,"column":43},"end":{"line":11,"column":3}}}},"branchMap":{},"s":{"0":10,"1":10,"2":10,"3":3},"f":{"0":10,"1":10},"b":{}}
,"/home/user/clean-arch/src/domain/entity/OrderItem.ts": {"path":"/home/user/clean-arch/src/domain/entity/OrderItem.ts","statementMap":{"0":{"start":{"line":2,"column":23},"end":{"line":2,"column":37}},"1":{"start":{"line":2,"column":48},"end":{"line":2,"column":61}},"2":{"start":{"line":2,"column":72},"end":{"line":2,"column":88}},"3":{"start":{"line":7,"column":4},"end":{"line":7,"column":38}},"4":{"start":{"line":1,"column":0},"end":{"line":1,"column":21}}},"fnMap":{"0":{"name":"(anonymous_0)","decl":{"start":{"line":2,"column":2},"end":{"line":2,"column":23}},"loc":{"start":{"line":2,"column":88},"end":{"line":4,"column":3}}},"1":{"name":"(anonymous_1)","decl":{"start":{"line":6,"column":2},"end":{"line":6,"column":10}},"loc":{"start":{"line":6,"column":10},"end":{"line":8,"column":3}}}},"branchMap":{},"s":{"0":25,"1":25,"2":25,"3":22,"4":2},"f":{"0":25,"1":22},"b":{}}
,"/home/user/clean-arch/src/infra/database/PostgreSQlConnectionAdapter.ts": {"path":"/home/user/clean-arch/src/infra/database/PostgreSQlConnectionAdapter.ts","statementMap":{"0":{"start":{"line":2,"column":0},"end":{"line":2,"column":29}},"1":{"start":{"line":8,"column":4},"end":{"line":8,"column":null}},"2":{"start":{"line":11,"column":4},"end":{"line":11,"column":47}},"3":{"start":{"line":15,"column":4},"end":{"line":15,"column":32}},"4":{"start":{"line":4,"column":0},"end":{"line":4,"column":21}}},"fnMap":{"0":{"name":"(anonymous_8)","decl":{"start":{"line":7,"column":2},"end":{"line":7,"column":null}},"loc":{"start":{"line":7,"column":2},"end":{"line":9,"column":3}}},"1":{"name":"(anonymous_9)","decl":{"start":{"line":10,"column":2},"end":{"line":10,"column":7}},"loc":{"start":{"line":10,"column":33},"end":{"line":12,"column":3}}},"2":{"name":"(anonymous_10)","decl":{"start":{"line":14,"column":8},"end":{"line":14,"column":13}},"loc":{"start":{"line":14,"column":13},"end":{"line":16,"column":null}}}},"branchMap":{},"s":{"0":6,"1":7,"2":3,"3":7,"4":6},"f":{"0":7,"1":3,"2":7},"b":{}}
,"/home/user/clean-arch/src/infra/factory/DatabaseRepositoryFactory.ts": {"path":"/home/user/clean-arch/src/infra/factory/DatabaseRepositoryFactory.ts","statementMap":{"0":{"start":{"line":6,"column":0},"end":{"line":6,"column":87}},"1":{"start":{"line":7,"column":0},"end":{"line":7,"column":83}},"2":{"start":{"line":8,"column":0},"end":{"line":8,"column":79}},"3":{"start":{"line":12,"column":23},"end":{"line":12,"column":45}},"4":{"start":{"line":15,"column":4},"end":{"line":15,"column":55}},"5":{"start":{"line":19,"column":4},"end":{"line":19,"column":57}},"6":{"start":{"line":23,"column":4},"end":{"line":23,"column":null}},"7":{"start":{"line":10,"column":0},"end":{"line":10,"column":21}}},"fnMap":{"0":{"name":"(anonymous_1)","decl":{"start":{"line":12,"column":2},"end":{"line":12,"column":23}},"loc":{"start":{"line":12,"column":45},"end":{"line":12,"column":50}}},"1":{"name":"(anonymous_2)","decl":{"start":{"line":14,"column":2},"end":{"line":14,"column":22}},"loc":{"start":{"line":14,"column":22},"end":{"line":16,"column":3}}},"2":{"name":"(anonymous_3)","decl":{"start":{"line":18,"column":2},"end":{"line":18,"column":24}},"loc":{"start":{"line":18,"column":24},"end":{"line":20,"column":3}}},"3":{"name":"(anonymous_4)","decl":{"start":{"line":22,"column":2},"end":{"line":22,"column":23}},"loc":{"start":{"line":22,"column":23},"end":{"line":24,"column":3}}}},"branchMap":{},"s":{"0":1,"1":1,"2":1,"3":2,"4":0,"5":0,"6":0,"7":1},"f":{"0":2,"1":0,"2":0,"3":0},"b":{}}
,"/home/user/clean-arch/src/infra/factory/MemoryRepositoryFactory.ts": {"path":"/home/user/clean-arch/src/infra/factory/MemoryRepositoryFactory.ts","statementMap":{"0":{"start":{"line":5,"column":0},"end":{"line":5,"column":81}},"1":{"start":{"line":6,"column":0},"end":{"line":6,"column":77}},"2":{"start":{"line":7,"column":0},"end":{"line":7,"column":79}},"3":{"start":{"line":11,"column":4},"end":{"line":11,"column":null}},"4":{"start":{"line":15,"column":4},"end":{"line":15,"column":null}},"5":{"start":{"line":19,"column":4},"end":{"line":19,"column":null}},"6":{"start":{"line":9,"column":0},"end":{"line":9,"column":21}}},"fnMap":{"0":{"name":"(anonymous_1)","decl":{"start":{"line":10,"column":2},"end":{"line":10,"column":22}},"loc":{"start":{"line":10,"column":22},"end":{"line":12,"column":3}}},"1":{"name":"(anonymous_2)","decl":{"start":{"line":14,"column":2},"end":{"line":14,"column":24}},"loc":{"start":{"line":14,"column":24},"end":{"line":16,"column":3}}},"2":{"name":"(anonymous_3)","decl":{"start":{"line":18,"column":2},"end":{"line":18,"column":23}},"loc":{"start":{"line":18,"column":23},"end":{"line":20,"column":3}}}},"branchMap":{},"s":{"0":2,"1":2,"2":2,"3":3,"4":2,"5":2,"6":2},"f":{"0":3,"1":2,"2":2},"b":{}}
,"/home/user/clean-arch/src/infra/repository/database/CouponRepositoryDatabase.ts": {"path":"/home/user/clean-arch/src/infra/repository/database/CouponRepositoryDatabase.ts","statementMap":{"0":{"start":{"line":1,"column":0},"end":{"line":1,"column":51}},"1":{"start":{"line":6,"column":23},"end":{"line":6,"column":45}},"2":{"start":{"line":9,"column":25},"end":{"line":9,"column":105}},"3":{"start":{"line":10,"column":19},"end":{"line":10,"column":113}},"4":{"start":{"line":11,"column":4},"end":{"line":11,"column":18}},"5":{"start":{"line":5,"column":0},"end":{"line":5,"column":21}}},"fnMap":{"0":{"name":"(anonymous_8)","decl":{"start":{"line":6,"column":2},"end":{"line":6,"column":23}},"loc":{"start":{"line":6,"column":45},"end":{"line":6,"column":50}}},"1":{"name":"(anonymous_9)","decl":{"start":{"line":8,"column":8},"end":{"line":8,"column":17}},"loc":{"start":{"line":8,"column":30},"end":{"line":12,"column":null}}}},"branchMap":{},"s":{"0":3,"1":2,"2":1,"3":1,"4":1,"5":3},"f":{"0":2,"1":1},"b":{}}
,"/home/user/clean-arch/src/infra/repository/database/ItemRepositoryDatabase.ts": {"path":"/home/user/clean-arch/src/infra/repository/database/ItemRepositoryDatabase.ts","statementMap":{"0":{"start":{"line":1,"column":0},"end":{"line":1,"column":57}},"1":{"start":{"line":2,"column":0},"end":{"line":2,"column":47}},"2":{"start":{"line":7,"column":23},"end":{"line":7,"column":45}},"3":{"start":{"line":10,"column":23},"end":{"line":10,"column":106}},"4":{"start":{"line":11,"column":17},"end":{"line":17,"column":null}},"5":{"start":{"line":19,"column":4},"end":{"line":19,"column":16}},"6":{"start":{"line":6,"column":0},"end":{"line":6,"column":21}}},"fnMap":{"0":{"name":"(anonymous_8)","decl":{"start":{"line":7,"column":2},"end":{"line":7,"column":23}},"loc":{"start":{"line":7,"column":45},"end":{"line":7,"column":50}}},"1":{"name":"(anonymous_9)","decl":{"start":{"line":9,"column":8},"end":{"line":9,"column":15}},"loc":{"start":{"line":9,"column":30},"end":{"line":20,"column":null}}}},"branchMap":{},"s":{"0":2,"1":2,"2":1,"3":1,"4":1,"5":1,"6":2},"f":{"0":1,"1":1},"b":{}}
,"/home/user/clean-arch/src/infra/repository/memory/CouponRepositoryMemory.ts": {"path":"/home/user/clean-arch/src/infra/repository/memory/CouponRepositoryMemory.ts","statementMap":{"0":{"start":{"line":1,"column":0},"end":{"line":1,"column":51}},"1":{"start":{"line":7,"column":4},"end":{"line":11,"column":null}},"2":{"start":{"line":15,"column":4},"end":{"line":15,"column":null}},"3":{"start":{"line":15,"column":39},"end":{"line":15,"column":59}},"4":{"start":{"line":4,"column":0},"end":{"line":4,"column":21}}},"fnMap":{"0":{"name":"(anonymous_8)","decl":{"start":{"line":6,"column":2},"end":{"line":6,"column":null}},"loc":{"start":{"line":6,"column":2},"end":{"line":12,"column":3}}},"1":{"name":"(anonymous_9)","decl":{"start":{"line":14,"column":8},"end":{"line":14,"column":17}},"loc":{"start":{"line":14,"column":30},"end":{"line":16,"column":null}}},"2":{"name":"(anonymous_11)","decl":{"start":{"line":15,"column":29},"end":{"line":15,"column":35}},"loc":{"start":{"line":15,"column":39},"end":{"line":15,"column":59}}}},"branchMap":{},"s":{"0":3,"1":3,"2":4,"3":4,"4":3},"f":{"0":3,"1":4,"2":4},"b":{}}
,"/home/user/clean-arch/src/infra/repository/memory/ItemRepositoryMemory.ts": {"path":"/home/user/clean-arch/src/infra/repository/memory/ItemRepositoryMemory.ts","statementMap":{"0":{"start":{"line":1,"column":0},"end":{"line":1,"column":57}},"1":{"start":{"line":2,"column":0},"end":{"line":2,"column":47}},"2":{"start":{"line":9,"column":4},"end":{"line":13,"column":6}},"3":{"start":{"line":17,"column":4},"end":{"line":17,"column":null}},"4":{"start":{"line":17,"column":35},"end":{"line":17,"column":57}},"5":{"start":{"line":5,"column":0},"end":{"line":5,"column":21}}},"fnMap":{"0":{"name":"(anonymous_8)","decl":{"start":{"line":8,"column":2},"end":{"line":8,"column":null}},"loc":{"start":{"line":8,"column":2},"end":{"line":14,"column":3}}},"1":{"name":"(anonymous_9)","decl":{"start":{"line":16,"column":8},"end":{"line":16,"column":15}},"loc":{"start":{"line":16,"column":30},"end":{"line":18,"column":null}}},"2":{"name":"(anonymous_11)","decl":{"start":{"line":17,"column":27},"end":{"line":17,"column":31}},"loc":{"start":{"line":17,"column":35},"end":{"line":17,"column":57}}}},"branchMap":{},"s":{"0":2,"1":2,"2":3,"3":12,"4":24,"5":2},"f":{"0":3,"1":12,"2":24},"b":{}}
,"/home/user/clean-arch/src/infra/repository/memory/OrderRepositoryMemory.ts": {"path":"/home/user/clean-arch/src/infra/repository/memory/OrderRepositoryMemory.ts","statementMap":{"0":{"start":{"line":7,"column":4},"end":{"line":7,"column":null}},"1":{"start":{"line":11,"column":4},"end":{"line":11,"column":null}},"2":{"start":{"line":15,"column":4},"end":{"line":15,"column":null}},"3":{"start":{"line":4,"column":0},"end":{"line":4,"column":21}}},"fnMap":{"0":{"name":"(anonymous_7)","decl":{"start":{"line":6,"column":2},"end":{"line":6,"column":null}},"loc":{"start":{"line":6,"column":2},"end":{"line":8,"column":3}}},"1":{"name":"(anonymous_8)","decl":{"start":{"line":10,"column":8},"end":{"line":10,"column":12}},"loc":{"start":{"line":10,"column":25},"end":{"line":12,"column":null}}},"2":{"name":"(anonymous_10)","decl":{"start":{"line":14,"column":8},"end":{"line":14,"column":13}},"loc":{"start":{"line":14,"column":13},"end":{"line":16,"column":null}}}},"branchMap":{},"s":{"0":2,"1":3,"2":3,"3":2},"f":{"0":2,"1":3,"2":3},"b":{}}
}
