TN:
SF:src/application/usecase/place-order/PlaceOrder.ts
FN:15,(anonymous_8)
FN:21,(anonymous_9)
FNF:2
FNH:2
FNDA:2,(anonymous_8)
FNDA:3,(anonymous_9)
DA:1,1
DA:3,1
DA:10,1
DA:15,2
DA:16,2
DA:17,2
DA:18,2
DA:22,3
DA:23,3
DA:24,3
DA:25,9
DA:26,9
DA:27,9
DA:29,3
DA:30,3
DA:31,3
DA:33,3
DA:34,3
LF:18
LH:18
BRDA:26,0,0,0
BRDA:29,1,0,3
BRDA:31,2,0,3
BRF:3
BRH:2
end_of_record
TN:
SF:src/application/usecase/place-order/PlaceOrderOutput.ts
FN:2,(anonymous_0)
FNF:1
FNH:1
FNDA:3,(anonymous_0)
DA:1,1
DA:2,3
LF:2
LH:2
BRF:0
BRH:0
end_of_record
TN:
SF:src/application/usecase/simulate-freight/SimulateFreight.ts
FN:11,(anonymous_8)
FN:15,(anonymous_9)
FNF:2
FNH:2
FNDA:1,(anonymous_8)
FNDA:1,(anonymous_9)
DA:1,1
DA:6,1
DA:8,1
DA:11,1
DA:12,1
DA:16,1
DA:17,1
DA:18,3
DA:19,3
DA:20,3
DA:22,1
LF:11
LH:11
BRDA:19,0,0,0
BRF:1
BRH:0
end_of_record
TN:
SF:src/application/usecase/simulate-freight/SimulateFreightOutput.ts
FN:2,(anonymous_0)
FNF:1
FNH:1
FNDA:1,(anonymous_0)
DA:1,1
DA:2,1
LF:2
LH:2
BRF:0
BRH:0
end_of_record
TN:
SF:src/application/usecase/validate-coupon/ValidateCoupon.ts
FN:4,(anonymous_7)
FN:6,(anonymous_8)
FNF:2
FNH:2
FNDA:1,(anonymous_7)
FNDA:1,(anonymous_8)
DA:3,1
DA:4,1
DA:7,1
DA:8,1
DA:9,1
DA:10,1
LF:6
LH:6
BRDA:8,0,0,0
BRF:1
BRH:0
end_of_record
TN:
SF:src/domain/entity/Coupon.ts
FN:2,(anonymous_0)
FN:4,(anonymous_1)
FN:9,(anonymous_2)
FNF:3
FNH:3
FNDA:15,(anonymous_0)
FNDA:8,(anonymous_1)
FNDA:5,(anonymous_2)
DA:1,6
DA:2,15
DA:5,8
DA:6,2
DA:10,5
LF:5
LH:5
BRDA:4,0,0,2
BRDA:5,1,0,6
BRF:2
BRH:2
end_of_record
TN:
SF:src/domain/entity/Cpf.ts
FN:6,(anonymous_0)
FN:11,(anonymous_1)
FN:14,(anonymous_2)
FN:26,(anonymous_3)
FN:30,(anonymous_4)
FN:34,(anonymous_5)
FN:36,(anonymous_6)
FN:39,(anonymous_7)
FN:48,(anonymous_8)
FNF:9
FNH:9
FNDA:14,(anonymous_0)
FNDA:1,(anonymous_1)
FNDA:14,(anonymous_2)
FNDA:14,(anonymous_3)
FNDA:14,(anonymous_4)
FNDA:14,(anonymous_5)
FNDA:55,(anonymous_6)
FNDA:22,(anonymous_7)
FNDA:11,(anonymous_8)
DA:1,3
DA:2,14
DA:3,14
DA:7,14
DA:8,10
DA:12,1
DA:15,14
DA:16,14
DA:17,14
DA:18,14
DA:19,11
DA:20,11
DA:21,11
DA:22,11
DA:23,11
DA:27,14
DA:31,14
DA:35,14
DA:36,55
DA:40,22
DA:41,22
DA:42,242
DA:44,22
DA:45,22
DA:49,11
LF:25
LH:25
BRDA:7,0,0,4
BRDA:15,1,0,0
BRDA:17,2,0,0
BRDA:18,3,0,3
BRDA:42,4,0,209
BRDA:45,5,0,11
BRDA:45,5,1,11
BRF:7
BRH:5
end_of_record
TN:
SF:src/domain/entity/Dimension.ts
FN:3,(anonymous_0)
FN:5,(anonymous_1)
FNF:2
FNH:2
FNDA:20,(anonymous_0)
FNDA:41,(anonymous_1)
DA:1,8
DA:3,20
DA:6,41
LF:3
LH:3
BRF:0
BRH:0
end_of_record
TN:
SF:src/domain/entity/Freight.ts
FN:8,(anonymous_0)
FN:12,(anonymous_1)
FN:16,(anonymous_2)
FNF:3
FNH:3
FNDA:12,(anonymous_0)
FNDA:30,(anonymous_1)
FNDA:11,(anonymous_2)
DA:3,4
DA:5,12
DA:6,12
DA:9,12
DA:13,30
DA:17,11
DA:18,9
LF:7
LH:7
BRDA:17,0,0,2
BRDA:17,1,0,11
BRDA:17,1,1,8
BRF:3
BRH:3
end_of_record
TN:
SF:src/domain/entity/FreightCalculator.ts
FN:5,(anonymous_0)
FNF:1
FNH:1
FNDA:1,(anonymous_0)
DA:3,1
DA:6,1
LF:2
LH:2
BRF:0
BRH:0
end_of_record
TN:
SF:src/domain/entity/Item.ts
FN:6,(anonymous_0)
FN:8,(anonymous_1)
FN:16,(anonymous_2)
FNF:3
FNH:3
FNDA:31,(anonymous_0)
FNDA:32,(anonymous_1)
FNDA:32,(anonymous_2)
DA:4,7
DA:6,31
DA:9,32
DA:10,20
DA:12,12
DA:17,32
DA:18,20
DA:20,12
LF:8
LH:8
BRDA:9,0,0,20
BRDA:9,0,1,12
BRDA:17,1,0,20
BRDA:17,1,1,12
BRDA:17,2,0,32
BRDA:17,2,1,20
BRF:6
BRH:6
end_of_record
TN:
SF:src/domain/entity/Order.ts
FN:15,(anonymous_1)
FN:22,(anonymous_2)
FN:28,(anonymous_3)
FN:33,(anonymous_4)
FNF:4
FNH:4
FNDA:10,(anonymous_1)
FNDA:5,(anonymous_2)
FNDA:25,(anonymous_3)
FNDA:8,(anonymous_4)
DA:2,2
DA:3,2
DA:5,2
DA:6,2
DA:8,2
DA:15,10
DA:16,10
DA:17,9
DA:18,9
DA:19,9
DA:23,5
DA:24,4
DA:29,25
DA:30,25
DA:34,8
DA:35,8
DA:36,22
DA:38,8
DA:39,4
DA:41,8
DA:42,8
LF:21
LH:21
BRDA:15,0,0,6
BRDA:15,1,0,7
BRDA:23,2,0,4
BRDA:38,3,0,4
BRF:4
BRH:4
end_of_record
TN:
SF:src/domain/entity/OrderCode.ts
FN:4,(anonymous_0)
FN:8,(anonymous_1)
FNF:2
FNH:2
FNDA:10,(anonymous_0)
FNDA:10,(anonymous_1)
DA:1,3
DA:5,10
DA:9,10
DA:10,10
LF:4
LH:4
BRF:0
BRH:0
end_of_record
TN:
SF:src/domain/entity/OrderItem.ts
FN:2,(anonymous_0)
FN:6,(anonymous_1)
FNF:2
FNH:2
FNDA:25,(anonymous_0)
FNDA:22,(anonymous_1)
DA:1,2
DA:2,25
DA:7,22
LF:3
LH:3
BRF:0
BRH:0
end_of_record
TN:
SF:src/infra/database/PostgreSQlConnectionAdapter.ts
FN:7,(anonymous_8)
FN:10,(anonymous_9)
FN:14,(anonymous_10)
FNF:3
FNH:3
FNDA:7,(anonymous_8)
FNDA:3,(anonymous_9)
FNDA:7,(anonymous_10)
DA:2,6
DA:4,6
DA:8,7
DA:11,3
DA:15,7
LF:5
LH:5
BRF:0
BRH:0
end_of_record
TN:
SF:src/infra/factory/DatabaseRepositoryFactory.ts
FN:12,(anonymous_1)
FN:14,(anonymous_2)
FN:18,(anonymous_3)
FN:22,(anonymous_4)
FNF:4
FNH:1
FNDA:2,(anonymous_1)
FNDA:0,(anonymous_2)
FNDA:0,(anonymous_3)
FNDA:0,(anonymous_4)
DA:6,1
DA:7,1
DA:8,1
DA:10,1
DA:12,2
DA:15,0
DA:19,0
DA:23,0
LF:8
LH:5
BRF:0
BRH:0
end_of_record
TN:
SF:src/infra/factory/MemoryRepositoryFactory.ts
FN:10,(anonymous_1)
FN:14,(anonymous_2)
FN:18,(anonymous_3)
FNF:3
FNH:3
FNDA:3,(anonymous_1)
FNDA:2,(anonymous_2)
FNDA:2,(anonymous_3)
DA:5,2
DA:6,2
DA:7,2
DA:9,2
DA:11,3
DA:15,2
DA:19,2
LF:7
LH:7
BRF:0
BRH:0
end_of_record
TN:
SF:src/infra/repository/database/CouponRepositoryDatabase.ts
FN:6,(anonymous_8)
FN:8,(anonymous_9)
FNF:2
FNH:2
FNDA:2,(anonymous_8)
FNDA:1,(anonymous_9)
DA:1,3
DA:5,3
DA:6,2
DA:9,1
DA:10,1
DA:11,1
LF:6
LH:6
BRF:0
BRH:0
end_of_record
TN:
SF:src/infra/repository/database/ItemRepositoryDatabase.ts
FN:7,(anonymous_8)
FN:9,(anonymous_9)
FNF:2
FNH:2
FNDA:1,(anonymous_8)
FNDA:1,(anonymous_9)
DA:1,2
DA:2,2
DA:6,2
DA:7,1
DA:10,1
DA:11,1
DA:19,1
LF:7
LH:7
BRF:0
BRH:0
end_of_record
TN:
SF:src/infra/repository/memory/CouponRepositoryMemory.ts
FN:6,(anonymous_8)
FN:14,(anonymous_9)
FN:15,(anonymous_11)
FNF:3
FNH:3
FNDA:3,(anonymous_8)
FNDA:4,(anonymous_9)
FNDA:4,(anonymous_11)
DA:1,3
DA:4,3
DA:7,3
DA:15,4
LF:4
LH:4
BRF:0
BRH:0
end_of_record
TN:
SF:src/infra/repository/memory/ItemRepositoryMemory.ts
FN:8,(anonymous_8)
FN:16,(anonymous_9)
FN:17,(anonymous_11)
FNF:3
FNH:3
FNDA:3,(anonymous_8)
FNDA:12,(anonymous_9)
FNDA:24,(anonymous_11)
DA:1,2
DA:2,2
DA:5,2
DA:9,3
DA:17,24
LF:5
LH:5
BRF:0
BRH:0
end_of_record
TN:
SF:src/infra/repository/memory/OrderRepositoryMemory.ts
FN:6,(anonymous_7)
FN:10,(anonymous_8)
FN:14,(anonymous_10)
FNF:3
FNH:3
FNDA:2,(anonymous_7)
FNDA:3,(anonymous_8)
FNDA:3,(anonymous_10)
DA:4,2
DA:7,2
DA:11,3
DA:15,3
LF:4
LH:4
BRF:0
BRH:0
end_of_record
